-- enable_extension("plpgsql")
   -> 0.0108s
-- enable_extension("pg_trgm")
   -> 0.0017s
-- create_table("abuse_reports", {:force=>:cascade})
   -> 0.0072s
-- create_table("appearances", {:force=>:cascade})
   -> 0.0045s
-- create_table("application_setting_terms", {:force=>:cascade})
   -> 0.0039s
-- create_table("application_settings", {:force=>:cascade})
   -> 0.0296s
-- create_table("audit_events", {:force=>:cascade})
   -> 0.0045s
-- add_index("audit_events", ["entity_id", "entity_type"], {:name=>"index_audit_events_on_entity_id_and_entity_type", :using=>:btree})
   -> 0.0026s
-- create_table("award_emoji", {:force=>:cascade})
   -> 0.0034s
-- add_index("award_emoji", ["awardable_type", "awardable_id"], {:name=>"index_award_emoji_on_awardable_type_and_awardable_id", :using=>:btree})
   -> 0.0027s
-- add_index("award_emoji", ["user_id", "name"], {:name=>"index_award_emoji_on_user_id_and_name", :using=>:btree})
   -> 0.0031s
-- create_table("badges", {:force=>:cascade})
   -> 0.0041s
-- add_index("badges", ["group_id"], {:name=>"index_badges_on_group_id", :using=>:btree})
   -> 0.0024s
-- add_index("badges", ["project_id"], {:name=>"index_badges_on_project_id", :using=>:btree})
   -> 0.0025s
-- create_table("boards", {:force=>:cascade})
   -> 0.0027s
-- add_index("boards", ["group_id"], {:name=>"index_boards_on_group_id", :using=>:btree})
   -> 0.0027s
-- add_index("boards", ["project_id"], {:name=>"index_boards_on_project_id", :using=>:btree})
   -> 0.0026s
-- create_table("broadcast_messages", {:force=>:cascade})
   -> 0.0038s
-- add_index("broadcast_messages", ["starts_at", "ends_at", "id"], {:name=>"index_broadcast_messages_on_starts_at_and_ends_at_and_id", :using=>:btree})
   -> 0.0025s
-- create_table("chat_names", {:force=>:cascade})
   -> 0.0036s
-- add_index("chat_names", ["service_id", "team_id", "chat_id"], {:name=>"index_chat_names_on_service_id_and_team_id_and_chat_id", :unique=>true, :using=>:btree})
   -> 0.0025s
-- add_index("chat_names", ["user_id", "service_id"], {:name=>"index_chat_names_on_user_id_and_service_id", :unique=>true, :using=>:btree})
   -> 0.0025s
-- create_table("chat_teams", {:force=>:cascade})
   -> 0.0037s
-- add_index("chat_teams", ["namespace_id"], {:name=>"index_chat_teams_on_namespace_id", :unique=>true, :using=>:btree})
   -> 0.0025s
-- create_table("ci_build_trace_chunks", {:id=>:bigserial, :force=>:cascade})
   -> 0.0038s
-- add_index("ci_build_trace_chunks", ["build_id", "chunk_index"], {:name=>"index_ci_build_trace_chunks_on_build_id_and_chunk_index", :unique=>true, :using=>:btree})
   -> 0.0024s
-- create_table("ci_build_trace_section_names", {:force=>:cascade})
   -> 0.0036s
-- add_index("ci_build_trace_section_names", ["project_id", "name"], {:name=>"index_ci_build_trace_section_names_on_project_id_and_name", :unique=>true, :using=>:btree})
   -> 0.0031s
-- create_table("ci_build_trace_sections", {:force=>:cascade})
   -> 0.0028s
-- add_index("ci_build_trace_sections", ["build_id", "section_name_id"], {:name=>"index_ci_build_trace_sections_on_build_id_and_section_name_id", :unique=>true, :using=>:btree})
   -> 0.0026s
-- add_index("ci_build_trace_sections", ["project_id"], {:name=>"index_ci_build_trace_sections_on_project_id", :using=>:btree})
   -> 0.0026s
-- add_index("ci_build_trace_sections", ["section_name_id"], {:name=>"index_ci_build_trace_sections_on_section_name_id", :using=>:btree})
   -> 0.0031s
-- create_table("ci_builds", {:force=>:cascade})
   -> 0.0050s
-- add_index("ci_builds", ["artifacts_expire_at"], {:name=>"index_ci_builds_on_artifacts_expire_at", :where=>"(artifacts_file <> ''::text)", :using=>:btree})
   -> 0.0031s
-- add_index("ci_builds", ["auto_canceled_by_id"], {:name=>"index_ci_builds_on_auto_canceled_by_id", :using=>:btree})
   -> 0.0027s
-- add_index("ci_builds", ["commit_id", "stage_idx", "created_at"], {:name=>"index_ci_builds_on_commit_id_and_stage_idx_and_created_at", :using=>:btree})
   -> 0.0024s
-- add_index("ci_builds", ["commit_id", "status", "type"], {:name=>"index_ci_builds_on_commit_id_and_status_and_type", :using=>:btree})
   -> 0.0024s
-- add_index("ci_builds", ["commit_id", "type", "name", "ref"], {:name=>"index_ci_builds_on_commit_id_and_type_and_name_and_ref", :using=>:btree})
   -> 0.0024s
-- add_index("ci_builds", ["commit_id", "type", "ref"], {:name=>"index_ci_builds_on_commit_id_and_type_and_ref", :using=>:btree})
   -> 0.0025s
-- add_index("ci_builds", ["project_id", "id"], {:name=>"index_ci_builds_on_project_id_and_id", :using=>:btree})
   -> 0.0024s
-- add_index("ci_builds", ["protected"], {:name=>"index_ci_builds_on_protected", :using=>:btree})
   -> 0.0024s
-- add_index("ci_builds", ["runner_id"], {:name=>"index_ci_builds_on_runner_id", :using=>:btree})
   -> 0.0025s
-- add_index("ci_builds", ["stage_id", "stage_idx"], {:name=>"tmp_build_stage_position_index", :where=>"(stage_idx IS NOT NULL)", :using=>:btree})
   -> 0.0027s
-- add_index("ci_builds", ["stage_id"], {:name=>"index_ci_builds_on_stage_id", :using=>:btree})
   -> 0.0025s
-- add_index("ci_builds", ["status", "type", "runner_id"], {:name=>"index_ci_builds_on_status_and_type_and_runner_id", :using=>:btree})
   -> 0.0024s
-- add_index("ci_builds", ["status"], {:name=>"index_ci_builds_on_status", :using=>:btree})
   -> 0.0025s
-- add_index("ci_builds", ["token"], {:name=>"index_ci_builds_on_token", :unique=>true, :using=>:btree})
   -> 0.0026s
-- add_index("ci_builds", ["updated_at"], {:name=>"index_ci_builds_on_updated_at", :using=>:btree})
   -> 0.0024s
-- add_index("ci_builds", ["user_id"], {:name=>"index_ci_builds_on_user_id", :using=>:btree})
   -> 0.0023s
-- create_table("ci_builds_metadata", {:force=>:cascade})
   -> 0.0028s
-- add_index("ci_builds_metadata", ["build_id"], {:name=>"index_ci_builds_metadata_on_build_id", :unique=>true, :using=>:btree})
   -> 0.0023s
-- add_index("ci_builds_metadata", ["project_id"], {:name=>"index_ci_builds_metadata_on_project_id", :using=>:btree})
   -> 0.0022s
-- create_table("ci_group_variables", {:force=>:cascade})
   -> 0.0037s
-- add_index("ci_group_variables", ["group_id", "key"], {:name=>"index_ci_group_variables_on_group_id_and_key", :unique=>true, :using=>:btree})
   -> 0.0026s
-- create_table("ci_job_artifacts", {:force=>:cascade})
   -> 0.0034s
-- add_index("ci_job_artifacts", ["expire_at", "job_id"], {:name=>"index_ci_job_artifacts_on_expire_at_and_job_id", :using=>:btree})
   -> 0.0023s
-- add_index("ci_job_artifacts", ["file_store"], {:name=>"index_ci_job_artifacts_on_file_store", :using=>:btree})
   -> 0.0023s
-- add_index("ci_job_artifacts", ["job_id", "file_type"], {:name=>"index_ci_job_artifacts_on_job_id_and_file_type", :unique=>true, :using=>:btree})
   -> 0.0025s
-- add_index("ci_job_artifacts", ["project_id"], {:name=>"index_ci_job_artifacts_on_project_id", :using=>:btree})
   -> 0.0022s
-- create_table("ci_pipeline_schedule_variables", {:force=>:cascade})
   -> 0.0034s
-- add_index("ci_pipeline_schedule_variables", ["pipeline_schedule_id", "key"], {:name=>"index_ci_pipeline_schedule_variables_on_schedule_id_and_key", :unique=>true, :using=>:btree})
   -> 0.0025s
-- create_table("ci_pipeline_schedules", {:force=>:cascade})
   -> 0.0038s
-- add_index("ci_pipeline_schedules", ["next_run_at", "active"], {:name=>"index_ci_pipeline_schedules_on_next_run_at_and_active", :using=>:btree})
   -> 0.0024s
-- add_index("ci_pipeline_schedules", ["project_id"], {:name=>"index_ci_pipeline_schedules_on_project_id", :using=>:btree})
   -> 0.0023s
-- create_table("ci_pipeline_variables", {:force=>:cascade})
   -> 0.0036s
-- add_index("ci_pipeline_variables", ["pipeline_id", "key"], {:name=>"index_ci_pipeline_variables_on_pipeline_id_and_key", :unique=>true, :using=>:btree})
   -> 0.0028s
-- create_table("ci_pipelines", {:force=>:cascade})
   -> 0.0038s
-- add_index("ci_pipelines", ["auto_canceled_by_id"], {:name=>"index_ci_pipelines_on_auto_canceled_by_id", :using=>:btree})
   -> 0.0024s
-- add_index("ci_pipelines", ["pipeline_schedule_id"], {:name=>"index_ci_pipelines_on_pipeline_schedule_id", :using=>:btree})
   -> 0.0024s
-- add_index("ci_pipelines", ["project_id", "ref", "status", "id"], {:name=>"index_ci_pipelines_on_project_id_and_ref_and_status_and_id", :using=>:btree})
   -> 0.0038s
-- add_index("ci_pipelines", ["project_id", "sha"], {:name=>"index_ci_pipelines_on_project_id_and_sha", :using=>:btree})
   -> 0.0034s
-- add_index("ci_pipelines", ["project_id"], {:name=>"index_ci_pipelines_on_project_id", :using=>:btree})
   -> 0.0032s
-- add_index("ci_pipelines", ["status"], {:name=>"index_ci_pipelines_on_status", :using=>:btree})
   -> 0.0025s
-- add_index("ci_pipelines", ["user_id"], {:name=>"index_ci_pipelines_on_user_id", :using=>:btree})
   -> 0.0026s
-- create_table("ci_runner_namespaces", {:force=>:cascade})
   -> 0.0027s
-- add_index("ci_runner_namespaces", ["namespace_id"], {:name=>"index_ci_runner_namespaces_on_namespace_id", :using=>:btree})
   -> 0.0024s
-- add_index("ci_runner_namespaces", ["runner_id", "namespace_id"], {:name=>"index_ci_runner_namespaces_on_runner_id_and_namespace_id", :unique=>true, :using=>:btree})
   -> 0.0024s
-- create_table("ci_runner_projects", {:force=>:cascade})
   -> 0.0025s
-- add_index("ci_runner_projects", ["project_id"], {:name=>"index_ci_runner_projects_on_project_id", :using=>:btree})
   -> 0.0022s
-- add_index("ci_runner_projects", ["runner_id"], {:name=>"index_ci_runner_projects_on_runner_id", :using=>:btree})
   -> 0.0024s
-- create_table("ci_runners", {:force=>:cascade})
   -> 0.0048s
-- add_index("ci_runners", ["contacted_at"], {:name=>"index_ci_runners_on_contacted_at", :using=>:btree})
   -> 0.0023s
-- add_index("ci_runners", ["is_shared"], {:name=>"index_ci_runners_on_is_shared", :using=>:btree})
   -> 0.0029s
-- add_index("ci_runners", ["locked"], {:name=>"index_ci_runners_on_locked", :using=>:btree})
   -> 0.0023s
-- add_index("ci_runners", ["token"], {:name=>"index_ci_runners_on_token", :using=>:btree})
   -> 0.0023s
-- create_table("ci_stages", {:force=>:cascade})
   -> 0.0035s
-- add_index("ci_stages", ["pipeline_id", "name"], {:name=>"index_ci_stages_on_pipeline_id_and_name", :unique=>true, :using=>:btree})
   -> 0.0024s
-- add_index("ci_stages", ["pipeline_id"], {:name=>"index_ci_stages_on_pipeline_id", :using=>:btree})
   -> 0.0028s
-- add_index("ci_stages", ["project_id"], {:name=>"index_ci_stages_on_project_id", :using=>:btree})
   -> 0.0033s
-- create_table("ci_trigger_requests", {:force=>:cascade})
   -> 0.0041s
-- add_index("ci_trigger_requests", ["commit_id"], {:name=>"index_ci_trigger_requests_on_commit_id", :using=>:btree})
   -> 0.0022s
-- create_table("ci_triggers", {:force=>:cascade})
   -> 0.0034s
-- add_index("ci_triggers", ["project_id"], {:name=>"index_ci_triggers_on_project_id", :using=>:btree})
   -> 0.0022s
-- create_table("ci_variables", {:force=>:cascade})
   -> 0.0041s
-- add_index("ci_variables", ["project_id", "key", "environment_scope"], {:name=>"index_ci_variables_on_project_id_and_key_and_environment_scope", :unique=>true, :using=>:btree})
   -> 0.0024s
-- create_table("cluster_platforms_kubernetes", {:force=>:cascade})
   -> 0.0035s
-- add_index("cluster_platforms_kubernetes", ["cluster_id"], {:name=>"index_cluster_platforms_kubernetes_on_cluster_id", :unique=>true, :using=>:btree})
   -> 0.0023s
-- create_table("cluster_projects", {:force=>:cascade})
   -> 0.0024s
-- add_index("cluster_projects", ["cluster_id"], {:name=>"index_cluster_projects_on_cluster_id", :using=>:btree})
   -> 0.0025s
-- add_index("cluster_projects", ["project_id"], {:name=>"index_cluster_projects_on_project_id", :using=>:btree})
   -> 0.0025s
-- create_table("cluster_providers_gcp", {:force=>:cascade})
   -> 0.0036s
-- add_index("cluster_providers_gcp", ["cluster_id"], {:name=>"index_cluster_providers_gcp_on_cluster_id", :unique=>true, :using=>:btree})
   -> 0.0023s
-- create_table("clusters", {:force=>:cascade})
   -> 0.0042s
-- add_index("clusters", ["enabled"], {:name=>"index_clusters_on_enabled", :using=>:btree})
   -> 0.0025s
-- add_index("clusters", ["user_id"], {:name=>"index_clusters_on_user_id", :using=>:btree})
   -> 0.0028s
-- create_table("clusters_applications_helm", {:force=>:cascade})
   -> 0.0035s
-- create_table("clusters_applications_ingress", {:force=>:cascade})
   -> 0.0034s
-- create_table("clusters_applications_prometheus", {:force=>:cascade})
   -> 0.0034s
-- create_table("clusters_applications_runners", {:force=>:cascade})
   -> 0.0036s
-- add_index("clusters_applications_runners", ["cluster_id"], {:name=>"index_clusters_applications_runners_on_cluster_id", :unique=>true, :using=>:btree})
   -> 0.0023s
-- add_index("clusters_applications_runners", ["runner_id"], {:name=>"index_clusters_applications_runners_on_runner_id", :using=>:btree})
   -> 0.0022s
-- create_table("container_repositories", {:force=>:cascade})
   -> 0.0036s
-- add_index("container_repositories", ["project_id", "name"], {:name=>"index_container_repositories_on_project_id_and_name", :unique=>true, :using=>:btree})
   -> 0.0023s
-- add_index("container_repositories", ["project_id"], {:name=>"index_container_repositories_on_project_id", :using=>:btree})
   -> 0.0022s
-- create_table("conversational_development_index_metrics", {:force=>:cascade})
   -> 0.0054s
-- create_table("deploy_keys_projects", {:force=>:cascade})
   -> 0.0029s
-- add_index("deploy_keys_projects", ["project_id"], {:name=>"index_deploy_keys_projects_on_project_id", :using=>:btree})
   -> 0.0023s
-- create_table("deploy_tokens", {:force=>:cascade})
   -> 0.0041s
-- add_index("deploy_tokens", ["token", "expires_at", "id"], {:name=>"index_deploy_tokens_on_token_and_expires_at_and_id", :where=>"(revoked IS FALSE)", :using=>:btree})
   -> 0.0025s
-- add_index("deploy_tokens", ["token"], {:name=>"index_deploy_tokens_on_token", :unique=>true, :using=>:btree})
   -> 0.0024s
-- create_table("deployments", {:force=>:cascade})
   -> 0.0040s
-- add_index("deployments", ["created_at"], {:name=>"index_deployments_on_created_at", :using=>:btree})
   -> 0.0024s
-- add_index("deployments", ["environment_id", "id"], {:name=>"index_deployments_on_environment_id_and_id", :using=>:btree})
   -> 0.0022s
-- add_index("deployments", ["environment_id", "iid", "project_id"], {:name=>"index_deployments_on_environment_id_and_iid_and_project_id", :using=>:btree})
   -> 0.0022s
-- add_index("deployments", ["project_id", "iid"], {:name=>"index_deployments_on_project_id_and_iid", :unique=>true, :using=>:btree})
   -> 0.0024s
-- create_table("emails", {:force=>:cascade})
   -> 0.0034s
-- add_index("emails", ["confirmation_token"], {:name=>"index_emails_on_confirmation_token", :unique=>true, :using=>:btree})
   -> 0.0024s
-- add_index("emails", ["email"], {:name=>"index_emails_on_email", :unique=>true, :using=>:btree})
   -> 0.0023s
-- add_index("emails", ["user_id"], {:name=>"index_emails_on_user_id", :using=>:btree})
   -> 0.0027s
-- create_table("environments", {:force=>:cascade})
   -> 0.0041s
-- add_index("environments", ["project_id", "name"], {:name=>"index_environments_on_project_id_and_name", :unique=>true, :using=>:btree})
   -> 0.0028s
-- add_index("environments", ["project_id", "slug"], {:name=>"index_environments_on_project_id_and_slug", :unique=>true, :using=>:btree})
   -> 0.0025s
-- create_table("events", {:force=>:cascade})
   -> 0.0038s
-- add_index("events", ["action"], {:name=>"index_events_on_action", :using=>:btree})
   -> 0.0025s
-- add_index("events", ["author_id", "project_id"], {:name=>"index_events_on_author_id_and_project_id", :using=>:btree})
   -> 0.0023s
-- add_index("events", ["project_id", "id"], {:name=>"index_events_on_project_id_and_id", :using=>:btree})
   -> 0.0026s
-- add_index("events", ["target_type", "target_id"], {:name=>"index_events_on_target_type_and_target_id", :using=>:btree})
   -> 0.0023s
-- create_table("feature_gates", {:force=>:cascade})
   -> 0.0033s
-- add_index("feature_gates", ["feature_key", "key", "value"], {:name=>"index_feature_gates_on_feature_key_and_key_and_value", :unique=>true, :using=>:btree})
   -> 0.0025s
-- create_table("features", {:force=>:cascade})
   -> 0.0035s
-- add_index("features", ["key"], {:name=>"index_features_on_key", :unique=>true, :using=>:btree})
   -> 0.0025s
-- create_table("fork_network_members", {:force=>:cascade})
   -> 0.0025s
-- add_index("fork_network_members", ["fork_network_id"], {:name=>"index_fork_network_members_on_fork_network_id", :using=>:btree})
   -> 0.0035s
-- add_index("fork_network_members", ["project_id"], {:name=>"index_fork_network_members_on_project_id", :unique=>true, :using=>:btree})
   -> 0.0023s
-- create_table("fork_networks", {:force=>:cascade})
   -> 0.0038s
-- add_index("fork_networks", ["root_project_id"], {:name=>"index_fork_networks_on_root_project_id", :unique=>true, :using=>:btree})
   -> 0.0027s
-- create_table("forked_project_links", {:force=>:cascade})
   -> 0.0025s
-- add_index("forked_project_links", ["forked_to_project_id"], {:name=>"index_forked_project_links_on_forked_to_project_id", :unique=>true, :using=>:btree})
   -> 0.0023s
-- create_table("gcp_clusters", {:force=>:cascade})
   -> 0.0041s
-- add_index("gcp_clusters", ["project_id"], {:name=>"index_gcp_clusters_on_project_id", :unique=>true, :using=>:btree})
   -> 0.0028s
-- create_table("gpg_key_subkeys", {:force=>:cascade})
   -> 0.0036s
-- add_index("gpg_key_subkeys", ["fingerprint"], {:name=>"index_gpg_key_subkeys_on_fingerprint", :unique=>true, :using=>:btree})
   -> 0.0024s
-- add_index("gpg_key_subkeys", ["gpg_key_id"], {:name=>"index_gpg_key_subkeys_on_gpg_key_id", :using=>:btree})
   -> 0.0024s
-- add_index("gpg_key_subkeys", ["keyid"], {:name=>"index_gpg_key_subkeys_on_keyid", :unique=>true, :using=>:btree})
   -> 0.0023s
-- create_table("gpg_keys", {:force=>:cascade})
   -> 0.0037s
-- add_index("gpg_keys", ["fingerprint"], {:name=>"index_gpg_keys_on_fingerprint", :unique=>true, :using=>:btree})
   -> 0.0032s
-- add_index("gpg_keys", ["primary_keyid"], {:name=>"index_gpg_keys_on_primary_keyid", :unique=>true, :using=>:btree})
   -> 0.0027s
-- add_index("gpg_keys", ["user_id"], {:name=>"index_gpg_keys_on_user_id", :using=>:btree})
   -> 0.0024s
-- create_table("gpg_signatures", {:force=>:cascade})
   -> 0.0043s
-- add_index("gpg_signatures", ["commit_sha"], {:name=>"index_gpg_signatures_on_commit_sha", :unique=>true, :using=>:btree})
   -> 0.0029s
-- add_index("gpg_signatures", ["gpg_key_id"], {:name=>"index_gpg_signatures_on_gpg_key_id", :using=>:btree})
   -> 0.0025s
-- add_index("gpg_signatures", ["gpg_key_primary_keyid"], {:name=>"index_gpg_signatures_on_gpg_key_primary_keyid", :using=>:btree})
   -> 0.0023s
-- add_index("gpg_signatures", ["gpg_key_subkey_id"], {:name=>"index_gpg_signatures_on_gpg_key_subkey_id", :using=>:btree})
   -> 0.0023s
-- add_index("gpg_signatures", ["project_id"], {:name=>"index_gpg_signatures_on_project_id", :using=>:btree})
   -> 0.0022s
-- create_table("group_custom_attributes", {:force=>:cascade})
   -> 0.0034s
-- add_index("group_custom_attributes", ["group_id", "key"], {:name=>"index_group_custom_attributes_on_group_id_and_key", :unique=>true, :using=>:btree})
   -> 0.0023s
-- add_index("group_custom_attributes", ["key", "value"], {:name=>"index_group_custom_attributes_on_key_and_value", :using=>:btree})
   -> 0.0023s
-- create_table("identities", {:force=>:cascade})
   -> 0.0034s
-- add_index("identities", ["user_id"], {:name=>"index_identities_on_user_id", :using=>:btree})
   -> 0.0024s
-- create_table("internal_ids", {:id=>:bigserial, :force=>:cascade})
   -> 0.0025s
-- add_index("internal_ids", ["usage", "namespace_id"], {:name=>"index_internal_ids_on_usage_and_namespace_id", :unique=>true, :where=>"(namespace_id IS NOT NULL)", :using=>:btree})
   -> 0.0026s
-- add_index("internal_ids", ["usage", "project_id"], {:name=>"index_internal_ids_on_usage_and_project_id", :unique=>true, :where=>"(project_id IS NOT NULL)", :using=>:btree})
   -> 0.0025s
-- create_table("issue_assignees", {:id=>false, :force=>:cascade})
   -> 0.0011s
-- add_index("issue_assignees", ["issue_id", "user_id"], {:name=>"index_issue_assignees_on_issue_id_and_user_id", :unique=>true, :using=>:btree})
   -> 0.0026s
-- add_index("issue_assignees", ["user_id"], {:name=>"index_issue_assignees_on_user_id", :using=>:btree})
   -> 0.0026s
-- create_table("issue_metrics", {:force=>:cascade})
   -> 0.0028s
-- add_index("issue_metrics", ["issue_id"], {:name=>"index_issue_metrics", :using=>:btree})
   -> 0.0025s
-- create_table("issues", {:force=>:cascade})
   -> 0.0043s
-- add_index("issues", ["author_id"], {:name=>"index_issues_on_author_id", :using=>:btree})
   -> 0.0024s
-- add_index("issues", ["confidential"], {:name=>"index_issues_on_confidential", :using=>:btree})
   -> 0.0026s
-- add_index("issues", ["description"], {:name=>"index_issues_on_description_trigram", :using=>:gin, :opclasses=>{"description"=>"gin_trgm_ops"}})
   -> 0.0021s
-- add_index("issues", ["milestone_id"], {:name=>"index_issues_on_milestone_id", :using=>:btree})
   -> 0.0025s
-- add_index("issues", ["moved_to_id"], {:name=>"index_issues_on_moved_to_id", :where=>"(moved_to_id IS NOT NULL)", :using=>:btree})
   -> 0.0027s
-- add_index("issues", ["project_id", "created_at", "id", "state"], {:name=>"index_issues_on_project_id_and_created_at_and_id_and_state", :using=>:btree})
   -> 0.0027s
-- add_index("issues", ["project_id", "due_date", "id", "state"], {:name=>"idx_issues_on_project_id_and_due_date_and_id_and_state_partial", :where=>"(due_date IS NOT NULL)", :using=>:btree})
   -> 0.0030s
-- add_index("issues", ["project_id", "iid"], {:name=>"index_issues_on_project_id_and_iid", :unique=>true, :using=>:btree})
   -> 0.0025s
-- add_index("issues", ["project_id", "updated_at", "id", "state"], {:name=>"index_issues_on_project_id_and_updated_at_and_id_and_state", :using=>:btree})
   -> 0.0024s
-- add_index("issues", ["relative_position"], {:name=>"index_issues_on_relative_position", :using=>:btree})
   -> 0.0025s
-- add_index("issues", ["state"], {:name=>"index_issues_on_state", :using=>:btree})
   -> 0.0025s
-- add_index("issues", ["title"], {:name=>"index_issues_on_title_trigram", :using=>:gin, :opclasses=>{"title"=>"gin_trgm_ops"}})
   -> 0.0017s
-- add_index("issues", ["updated_at"], {:name=>"index_issues_on_updated_at", :using=>:btree})
   -> 0.0023s
-- add_index("issues", ["updated_by_id"], {:name=>"index_issues_on_updated_by_id", :where=>"(updated_by_id IS NOT NULL)", :using=>:btree})
   -> 0.0023s
-- create_table("keys", {:force=>:cascade})
   -> 0.0039s
-- add_index("keys", ["fingerprint"], {:name=>"index_keys_on_fingerprint", :unique=>true, :using=>:btree})
   -> 0.0023s
-- add_index("keys", ["user_id"], {:name=>"index_keys_on_user_id", :using=>:btree})
   -> 0.0021s
-- create_table("label_links", {:force=>:cascade})
   -> 0.0037s
-- add_index("label_links", ["label_id"], {:name=>"index_label_links_on_label_id", :using=>:btree})
   -> 0.0029s
-- add_index("label_links", ["target_id", "target_type"], {:name=>"index_label_links_on_target_id_and_target_type", :using=>:btree})
   -> 0.0287s
-- create_table("label_priorities", {:force=>:cascade})
   -> 0.0039s
-- add_index("label_priorities", ["priority"], {:name=>"index_label_priorities_on_priority", :using=>:btree})
   -> 0.0031s
-- add_index("label_priorities", ["project_id", "label_id"], {:name=>"index_label_priorities_on_project_id_and_label_id", :unique=>true, :using=>:btree})
   -> 0.0029s
-- create_table("labels", {:force=>:cascade})
   -> 0.0048s
-- add_index("labels", ["group_id", "project_id", "title"], {:name=>"index_labels_on_group_id_and_project_id_and_title", :unique=>true, :using=>:btree})
   -> 0.0028s
-- add_index("labels", ["project_id"], {:name=>"index_labels_on_project_id", :using=>:btree})
   -> 0.0026s
-- add_index("labels", ["template"], {:name=>"index_labels_on_template", :where=>"template", :using=>:btree})
   -> 0.0026s
-- add_index("labels", ["title"], {:name=>"index_labels_on_title", :using=>:btree})
   -> 0.0028s
-- add_index("labels", ["type", "project_id"], {:name=>"index_labels_on_type_and_project_id", :using=>:btree})
   -> 0.0026s
-- create_table("lfs_file_locks", {:force=>:cascade})
   -> 0.0036s
-- add_index("lfs_file_locks", ["project_id", "path"], {:name=>"index_lfs_file_locks_on_project_id_and_path", :unique=>true, :using=>:btree})
   -> 0.0024s
-- add_index("lfs_file_locks", ["user_id"], {:name=>"index_lfs_file_locks_on_user_id", :using=>:btree})
   -> 0.0022s
-- create_table("lfs_objects", {:force=>:cascade})
   -> 0.0035s
-- add_index("lfs_objects", ["oid"], {:name=>"index_lfs_objects_on_oid", :unique=>true, :using=>:btree})
   -> 0.0034s
-- create_table("lfs_objects_projects", {:force=>:cascade})
   -> 0.0024s
-- add_index("lfs_objects_projects", ["project_id"], {:name=>"index_lfs_objects_projects_on_project_id", :using=>:btree})
   -> 0.0029s
-- create_table("lists", {:force=>:cascade})
   -> 0.0047s
-- add_index("lists", ["board_id", "label_id"], {:name=>"index_lists_on_board_id_and_label_id", :unique=>true, :using=>:btree})
   -> 0.0027s
-- add_index("lists", ["label_id"], {:name=>"index_lists_on_label_id", :using=>:btree})
   -> 0.0023s
-- create_table("members", {:force=>:cascade})
   -> 0.0038s
-- add_index("members", ["access_level"], {:name=>"index_members_on_access_level", :using=>:btree})
   -> 0.0025s
-- add_index("members", ["invite_token"], {:name=>"index_members_on_invite_token", :unique=>true, :using=>:btree})
   -> 0.0024s
-- add_index("members", ["requested_at"], {:name=>"index_members_on_requested_at", :using=>:btree})
   -> 0.0025s
-- add_index("members", ["source_id", "source_type"], {:name=>"index_members_on_source_id_and_source_type", :using=>:btree})
   -> 0.0027s
-- add_index("members", ["user_id"], {:name=>"index_members_on_user_id", :using=>:btree})
   -> 0.0027s
-- create_table("merge_request_diff_commits", {:id=>false, :force=>:cascade})
   -> 0.0030s
-- add_index("merge_request_diff_commits", ["merge_request_diff_id", "relative_order"], {:name=>"index_merge_request_diff_commits_on_mr_diff_id_and_order", :unique=>true, :using=>:btree})
   -> 0.0031s
-- add_index("merge_request_diff_commits", ["sha"], {:name=>"index_merge_request_diff_commits_on_sha", :using=>:btree})
   -> 0.0029s
-- create_table("merge_request_diff_files", {:id=>false, :force=>:cascade})
   -> 0.0045s
-- add_index("merge_request_diff_files", ["merge_request_diff_id", "relative_order"], {:name=>"index_merge_request_diff_files_on_mr_diff_id_and_order", :unique=>true, :using=>:btree})
   -> 0.0040s
-- create_table("merge_request_diffs", {:force=>:cascade})
   -> 0.0053s
-- add_index("merge_request_diffs", ["merge_request_id", "id"], {:name=>"index_merge_request_diffs_on_merge_request_id_and_id", :using=>:btree})
   -> 0.0036s
-- create_table("merge_request_metrics", {:force=>:cascade})
   -> 0.0043s
-- add_index("merge_request_metrics", ["first_deployed_to_production_at"], {:name=>"index_merge_request_metrics_on_first_deployed_to_production_at", :using=>:btree})
   -> 0.0032s
-- add_index("merge_request_metrics", ["merge_request_id"], {:name=>"index_merge_request_metrics", :using=>:btree})
   -> 0.0038s
-- add_index("merge_request_metrics", ["pipeline_id"], {:name=>"index_merge_request_metrics_on_pipeline_id", :using=>:btree})
   -> 0.0039s
-- create_table("merge_requests", {:force=>:cascade})
   -> 0.0069s
-- add_index("merge_requests", ["assignee_id"], {:name=>"index_merge_requests_on_assignee_id", :using=>:btree})
   -> 0.0029s
-- add_index("merge_requests", ["author_id"], {:name=>"index_merge_requests_on_author_id", :using=>:btree})
   -> 0.0025s
-- add_index("merge_requests", ["created_at"], {:name=>"index_merge_requests_on_created_at", :using=>:btree})
   -> 0.0025s
-- add_index("merge_requests", ["description"], {:name=>"index_merge_requests_on_description_trigram", :using=>:gin, :opclasses=>{"description"=>"gin_trgm_ops"}})
   -> 0.0021s
-- add_index("merge_requests", ["head_pipeline_id"], {:name=>"index_merge_requests_on_head_pipeline_id", :using=>:btree})
   -> 0.0024s
-- add_index("merge_requests", ["latest_merge_request_diff_id"], {:name=>"index_merge_requests_on_latest_merge_request_diff_id", :using=>:btree})
   -> 0.0053s
-- add_index("merge_requests", ["merge_user_id"], {:name=>"index_merge_requests_on_merge_user_id", :where=>"(merge_user_id IS NOT NULL)", :using=>:btree})
   -> 0.0072s
-- add_index("merge_requests", ["milestone_id"], {:name=>"index_merge_requests_on_milestone_id", :using=>:btree})
   -> 0.0042s
-- add_index("merge_requests", ["source_branch"], {:name=>"index_merge_requests_on_source_branch", :using=>:btree})
   -> 0.0045s
-- add_index("merge_requests", ["source_project_id", "source_branch"], {:name=>"index_merge_requests_on_source_project_and_branch_state_opened", :where=>"((state)::text = 'opened'::text)", :using=>:btree})
   -> 0.0034s
-- add_index("merge_requests", ["source_project_id", "source_branch"], {:name=>"index_merge_requests_on_source_project_id_and_source_branch", :using=>:btree})
   -> 0.0027s
-- add_index("merge_requests", ["target_branch"], {:name=>"index_merge_requests_on_target_branch", :using=>:btree})
   -> 0.0025s
-- add_index("merge_requests", ["target_project_id", "iid"], {:name=>"index_merge_requests_on_target_project_id_and_iid", :unique=>true, :using=>:btree})
   -> 0.0026s
-- add_index("merge_requests", ["target_project_id", "merge_commit_sha", "id"], {:name=>"index_merge_requests_on_tp_id_and_merge_commit_sha_and_id", :using=>:btree})
   -> 0.0027s
-- add_index("merge_requests", ["title"], {:name=>"index_merge_requests_on_title", :using=>:btree})
   -> 0.0029s
-- add_index("merge_requests", ["title"], {:name=>"index_merge_requests_on_title_trigram", :using=>:gin, :opclasses=>{"title"=>"gin_trgm_ops"}})
   -> 0.0019s
-- add_index("merge_requests", ["updated_by_id"], {:name=>"index_merge_requests_on_updated_by_id", :where=>"(updated_by_id IS NOT NULL)", :using=>:btree})
   -> 0.0025s
-- create_table("merge_requests_closing_issues", {:force=>:cascade})
   -> 0.0027s
-- add_index("merge_requests_closing_issues", ["issue_id"], {:name=>"index_merge_requests_closing_issues_on_issue_id", :using=>:btree})
   -> 0.0022s
-- add_index("merge_requests_closing_issues", ["merge_request_id"], {:name=>"index_merge_requests_closing_issues_on_merge_request_id", :using=>:btree})
   -> 0.0022s
-- create_table("milestones", {:force=>:cascade})
   -> 0.0034s
-- add_index("milestones", ["description"], {:name=>"index_milestones_on_description_trigram", :using=>:gin, :opclasses=>{"description"=>"gin_trgm_ops"}})
   -> 0.0019s
-- add_index("milestones", ["due_date"], {:name=>"index_milestones_on_due_date", :using=>:btree})
   -> 0.0024s
-- add_index("milestones", ["group_id"], {:name=>"index_milestones_on_group_id", :using=>:btree})
   -> 0.0026s
-- add_index("milestones", ["project_id", "iid"], {:name=>"index_milestones_on_project_id_and_iid", :unique=>true, :using=>:btree})
   -> 0.0025s
-- add_index("milestones", ["title"], {:name=>"index_milestones_on_title", :using=>:btree})
   -> 0.0024s
-- add_index("milestones", ["title"], {:name=>"index_milestones_on_title_trigram", :using=>:gin, :opclasses=>{"title"=>"gin_trgm_ops"}})
   -> 0.0017s
-- create_table("namespaces", {:force=>:cascade})
   -> 0.0074s
-- add_index("namespaces", ["created_at"], {:name=>"index_namespaces_on_created_at", :using=>:btree})
   -> 0.0039s
-- add_index("namespaces", ["name", "parent_id"], {:name=>"index_namespaces_on_name_and_parent_id", :unique=>true, :using=>:btree})
   -> 0.0032s
-- add_index("namespaces", ["name"], {:name=>"index_namespaces_on_name_trigram", :using=>:gin, :opclasses=>{"name"=>"gin_trgm_ops"}})
   -> 0.0027s
-- add_index("namespaces", ["owner_id"], {:name=>"index_namespaces_on_owner_id", :using=>:btree})
   -> 0.0026s
-- add_index("namespaces", ["parent_id", "id"], {:name=>"index_namespaces_on_parent_id_and_id", :unique=>true, :using=>:btree})
   -> 0.0025s
-- add_index("namespaces", ["path"], {:name=>"index_namespaces_on_path", :using=>:btree})
   -> 0.0025s
-- add_index("namespaces", ["path"], {:name=>"index_namespaces_on_path_trigram", :using=>:gin, :opclasses=>{"path"=>"gin_trgm_ops"}})
   -> 0.0022s
-- add_index("namespaces", ["require_two_factor_authentication"], {:name=>"index_namespaces_on_require_two_factor_authentication", :using=>:btree})
   -> 0.0028s
-- add_index("namespaces", ["runners_token"], {:name=>"index_namespaces_on_runners_token", :unique=>true, :using=>:btree})
   -> 0.0027s
-- add_index("namespaces", ["type"], {:name=>"index_namespaces_on_type", :using=>:btree})
   -> 0.0024s
-- create_table("notes", {:force=>:cascade})
   -> 0.0047s
-- add_index("notes", ["author_id"], {:name=>"index_notes_on_author_id", :using=>:btree})
   -> 0.0030s
-- add_index("notes", ["commit_id"], {:name=>"index_notes_on_commit_id", :using=>:btree})
   -> 0.0060s
-- add_index("notes", ["created_at"], {:name=>"index_notes_on_created_at", :using=>:btree})
   -> 0.0054s
-- add_index("notes", ["discussion_id"], {:name=>"index_notes_on_discussion_id", :using=>:btree})
   -> 0.0042s
-- add_index("notes", ["line_code"], {:name=>"index_notes_on_line_code", :using=>:btree})
   -> 0.0030s
-- add_index("notes", ["note"], {:name=>"index_notes_on_note_trigram", :using=>:gin, :opclasses=>{"note"=>"gin_trgm_ops"}})
   -> 0.0026s
-- add_index("notes", ["noteable_id", "noteable_type"], {:name=>"index_notes_on_noteable_id_and_noteable_type", :using=>:btree})
   -> 0.0042s
-- add_index("notes", ["noteable_type"], {:name=>"index_notes_on_noteable_type", :using=>:btree})
   -> 0.0033s
-- add_index("notes", ["project_id", "noteable_type"], {:name=>"index_notes_on_project_id_and_noteable_type", :using=>:btree})
   -> 0.0035s
-- add_index("notes", ["updated_at"], {:name=>"index_notes_on_updated_at", :using=>:btree})
   -> 0.0029s
-- create_table("notification_settings", {:force=>:cascade})
   -> 0.0065s
-- add_index("notification_settings", ["source_id", "source_type"], {:name=>"index_notification_settings_on_source_id_and_source_type", :using=>:btree})
   -> 0.0031s
-- add_index("notification_settings", ["user_id", "source_id", "source_type"], {:name=>"index_notifications_on_user_id_and_source_id_and_source_type", :unique=>true, :using=>:btree})
   -> 0.0025s
-- add_index("notification_settings", ["user_id"], {:name=>"index_notification_settings_on_user_id", :using=>:btree})
   -> 0.0022s
-- create_table("oauth_access_grants", {:force=>:cascade})
   -> 0.0034s
-- add_index("oauth_access_grants", ["token"], {:name=>"index_oauth_access_grants_on_token", :unique=>true, :using=>:btree})
   -> 0.0023s
-- create_table("oauth_access_tokens", {:force=>:cascade})
   -> 0.0038s
-- add_index("oauth_access_tokens", ["refresh_token"], {:name=>"index_oauth_access_tokens_on_refresh_token", :unique=>true, :using=>:btree})
   -> 0.0023s
-- add_index("oauth_access_tokens", ["resource_owner_id"], {:name=>"index_oauth_access_tokens_on_resource_owner_id", :using=>:btree})
   -> 0.0025s
-- add_index("oauth_access_tokens", ["token"], {:name=>"index_oauth_access_tokens_on_token", :unique=>true, :using=>:btree})
   -> 0.0023s
-- create_table("oauth_applications", {:force=>:cascade})
   -> 0.0051s
-- add_index("oauth_applications", ["owner_id", "owner_type"], {:name=>"index_oauth_applications_on_owner_id_and_owner_type", :using=>:btree})
   -> 0.0026s
-- add_index("oauth_applications", ["uid"], {:name=>"index_oauth_applications_on_uid", :unique=>true, :using=>:btree})
   -> 0.0026s
-- create_table("oauth_openid_requests", {:force=>:cascade})
   -> 0.0038s
-- create_table("pages_domains", {:force=>:cascade})
   -> 0.0038s
-- add_index("pages_domains", ["domain"], {:name=>"index_pages_domains_on_domain", :unique=>true, :using=>:btree})
   -> 0.0026s
-- add_index("pages_domains", ["project_id", "enabled_until"], {:name=>"index_pages_domains_on_project_id_and_enabled_until", :using=>:btree})
   -> 0.0025s
-- add_index("pages_domains", ["project_id"], {:name=>"index_pages_domains_on_project_id", :using=>:btree})
   -> 0.0027s
-- add_index("pages_domains", ["verified_at", "enabled_until"], {:name=>"index_pages_domains_on_verified_at_and_enabled_until", :using=>:btree})
   -> 0.0026s
-- add_index("pages_domains", ["verified_at"], {:name=>"index_pages_domains_on_verified_at", :using=>:btree})
   -> 0.0024s
-- create_table("personal_access_tokens", {:force=>:cascade})
   -> 0.0064s
-- add_index("personal_access_tokens", ["token"], {:name=>"index_personal_access_tokens_on_token", :unique=>true, :using=>:btree})
   -> 0.0034s
-- add_index("personal_access_tokens", ["user_id"], {:name=>"index_personal_access_tokens_on_user_id", :using=>:btree})
   -> 0.0026s
-- create_table("project_authorizations", {:id=>false, :force=>:cascade})
   -> 0.0013s
-- add_index("project_authorizations", ["project_id"], {:name=>"index_project_authorizations_on_project_id", :using=>:btree})
   -> 0.0024s
-- add_index("project_authorizations", ["user_id", "project_id", "access_level"], {:name=>"index_project_authorizations_on_user_id_project_id_access_level", :unique=>true, :using=>:btree})
   -> 0.0025s
-- create_table("project_auto_devops", {:force=>:cascade})
   -> 0.0040s
-- add_index("project_auto_devops", ["project_id"], {:name=>"index_project_auto_devops_on_project_id", :unique=>true, :using=>:btree})
   -> 0.0036s
-- create_table("project_ci_cd_settings", {:force=>:cascade})
   -> 0.0034s
-- add_index("project_ci_cd_settings", ["project_id"], {:name=>"index_project_ci_cd_settings_on_project_id", :unique=>true, :using=>:btree})
   -> 0.0024s
-- create_table("project_custom_attributes", {:force=>:cascade})
   -> 0.0035s
-- add_index("project_custom_attributes", ["key", "value"], {:name=>"index_project_custom_attributes_on_key_and_value", :using=>:btree})
   -> 0.0032s
-- add_index("project_custom_attributes", ["project_id", "key"], {:name=>"index_project_custom_attributes_on_project_id_and_key", :unique=>true, :using=>:btree})
   -> 0.0034s
-- create_table("project_deploy_tokens", {:force=>:cascade})
   -> 0.0032s
-- add_index("project_deploy_tokens", ["project_id", "deploy_token_id"], {:name=>"index_project_deploy_tokens_on_project_id_and_deploy_token_id", :unique=>true, :using=>:btree})
   -> 0.0029s
-- create_table("project_features", {:force=>:cascade})
   -> 0.0037s
-- add_index("project_features", ["project_id"], {:name=>"index_project_features_on_project_id", :using=>:btree})
   -> 0.0029s
-- create_table("project_group_links", {:force=>:cascade})
   -> 0.0030s
-- add_index("project_group_links", ["group_id"], {:name=>"index_project_group_links_on_group_id", :using=>:btree})
   -> 0.0026s
-- add_index("project_group_links", ["project_id"], {:name=>"index_project_group_links_on_project_id", :using=>:btree})
   -> 0.0032s
-- create_table("project_import_data", {:force=>:cascade})
   -> 0.0055s
-- add_index("project_import_data", ["project_id"], {:name=>"index_project_import_data_on_project_id", :using=>:btree})
   -> 0.0033s
-- create_table("project_mirror_data", {:force=>:cascade})
   -> 0.0053s
-- add_index("project_mirror_data", ["jid"], {:name=>"index_project_mirror_data_on_jid", :using=>:btree})
   -> 0.0035s
-- add_index("project_mirror_data", ["project_id"], {:name=>"index_project_mirror_data_on_project_id", :unique=>true, :using=>:btree})
   -> 0.0040s
-- add_index("project_mirror_data", ["status"], {:name=>"index_project_mirror_data_on_status", :using=>:btree})
   -> 0.0059s
-- create_table("project_statistics", {:force=>:cascade})
   -> 0.0067s
-- add_index("project_statistics", ["namespace_id"], {:name=>"index_project_statistics_on_namespace_id", :using=>:btree})
   -> 0.0037s
-- add_index("project_statistics", ["project_id"], {:name=>"index_project_statistics_on_project_id", :unique=>true, :using=>:btree})
   -> 0.0033s
-- create_table("projects", {:force=>:cascade})
   -> 0.0104s
-- add_index("projects", ["ci_id"], {:name=>"index_projects_on_ci_id", :using=>:btree})
   -> 0.0028s
-- add_index("projects", ["created_at"], {:name=>"index_projects_on_created_at", :using=>:btree})
   -> 0.0028s
-- add_index("projects", ["creator_id"], {:name=>"index_projects_on_creator_id", :using=>:btree})
   -> 0.0026s
-- add_index("projects", ["description"], {:name=>"index_projects_on_description_trigram", :using=>:gin, :opclasses=>{"description"=>"gin_trgm_ops"}})
   -> 0.0018s
-- add_index("projects", ["id"], {:name=>"index_projects_on_id_partial_for_visibility", :unique=>true, :where=>"(visibility_level = ANY (ARRAY[10, 20]))", :using=>:btree})
   -> 0.0032s
-- add_index("projects", ["last_activity_at"], {:name=>"index_projects_on_last_activity_at", :using=>:btree})
   -> 0.0038s
-- add_index("projects", ["last_repository_check_failed"], {:name=>"index_projects_on_last_repository_check_failed", :using=>:btree})
   -> 0.0027s
-- add_index("projects", ["last_repository_updated_at"], {:name=>"index_projects_on_last_repository_updated_at", :using=>:btree})
   -> 0.0022s
-- add_index("projects", ["name"], {:name=>"index_projects_on_name_trigram", :using=>:gin, :opclasses=>{"name"=>"gin_trgm_ops"}})
   -> 0.0028s
-- add_index("projects", ["namespace_id"], {:name=>"index_projects_on_namespace_id", :using=>:btree})
   -> 0.0034s
-- add_index("projects", ["path"], {:name=>"index_projects_on_path", :using=>:btree})
   -> 0.0025s
-- add_index("projects", ["path"], {:name=>"index_projects_on_path_trigram", :using=>:gin, :opclasses=>{"path"=>"gin_trgm_ops"}})
   -> 0.0017s
-- add_index("projects", ["pending_delete"], {:name=>"index_projects_on_pending_delete", :using=>:btree})
   -> 0.0025s
-- add_index("projects", ["repository_storage"], {:name=>"index_projects_on_repository_storage", :using=>:btree})
   -> 0.0024s
-- add_index("projects", ["runners_token"], {:name=>"index_projects_on_runners_token", :using=>:btree})
   -> 0.0023s
-- add_index("projects", ["star_count"], {:name=>"index_projects_on_star_count", :using=>:btree})
   -> 0.0025s
-- add_index("projects", ["visibility_level"], {:name=>"index_projects_on_visibility_level", :using=>:btree})
   -> 0.0025s
-- create_table("protected_branch_merge_access_levels", {:force=>:cascade})
   -> 0.0035s
-- add_index("protected_branch_merge_access_levels", ["protected_branch_id"], {:name=>"index_protected_branch_merge_access", :using=>:btree})
   -> 0.0036s
-- create_table("protected_branch_push_access_levels", {:force=>:cascade})
   -> 0.0038s
-- add_index("protected_branch_push_access_levels", ["protected_branch_id"], {:name=>"index_protected_branch_push_access", :using=>:btree})
   -> 0.0032s
-- create_table("protected_branches", {:force=>:cascade})
   -> 0.0048s
-- add_index("protected_branches", ["project_id"], {:name=>"index_protected_branches_on_project_id", :using=>:btree})
   -> 0.0029s
-- create_table("protected_tag_create_access_levels", {:force=>:cascade})
   -> 0.0030s
-- add_index("protected_tag_create_access_levels", ["protected_tag_id"], {:name=>"index_protected_tag_create_access", :using=>:btree})
   -> 0.0028s
-- add_index("protected_tag_create_access_levels", ["user_id"], {:name=>"index_protected_tag_create_access_levels_on_user_id", :using=>:btree})
   -> 0.0024s
-- create_table("protected_tags", {:force=>:cascade})
   -> 0.0043s
-- add_index("protected_tags", ["project_id"], {:name=>"index_protected_tags_on_project_id", :using=>:btree})
   -> 0.0024s
-- create_table("push_event_payloads", {:id=>false, :force=>:cascade})
   -> 0.0022s
-- add_index("push_event_payloads", ["event_id"], {:name=>"index_push_event_payloads_on_event_id", :unique=>true, :using=>:btree})
   -> 0.0023s
-- create_table("redirect_routes", {:force=>:cascade})
   -> 0.0034s
-- add_index("redirect_routes", ["path"], {:name=>"index_redirect_routes_on_path", :unique=>true, :using=>:btree})
   -> 0.0023s
-- add_index("redirect_routes", ["source_type", "source_id"], {:name=>"index_redirect_routes_on_source_type_and_source_id", :using=>:btree})
   -> 0.0025s
-- create_table("releases", {:force=>:cascade})
   -> 0.0037s
-- add_index("releases", ["project_id", "tag"], {:name=>"index_releases_on_project_id_and_tag", :using=>:btree})
   -> 0.0024s
-- add_index("releases", ["project_id"], {:name=>"index_releases_on_project_id", :using=>:btree})
   -> 0.0022s
-- create_table("remote_mirrors", {:force=>:cascade})
   -> 0.0044s
-- add_index("remote_mirrors", ["last_successful_update_at"], {:name=>"index_remote_mirrors_on_last_successful_update_at", :using=>:btree})
   -> 0.0026s
-- add_index("remote_mirrors", ["project_id"], {:name=>"index_remote_mirrors_on_project_id", :using=>:btree})
   -> 0.0025s
-- create_table("routes", {:force=>:cascade})
   -> 0.0035s
-- add_index("routes", ["path"], {:name=>"index_routes_on_path", :unique=>true, :using=>:btree})
   -> 0.0028s
-- add_index("routes", ["path"], {:name=>"index_routes_on_path_text_pattern_ops", :using=>:btree, :opclasses=>{"path"=>"varchar_pattern_ops"}})
   -> 0.0025s
-- add_index("routes", ["source_type", "source_id"], {:name=>"index_routes_on_source_type_and_source_id", :unique=>true, :using=>:btree})
   -> 0.0026s
-- create_table("sent_notifications", {:force=>:cascade})
   -> 0.0037s
-- add_index("sent_notifications", ["reply_key"], {:name=>"index_sent_notifications_on_reply_key", :unique=>true, :using=>:btree})
   -> 0.0027s
-- create_table("services", {:force=>:cascade})
   -> 0.0085s
-- add_index("services", ["project_id"], {:name=>"index_services_on_project_id", :using=>:btree})
   -> 0.0032s
-- add_index("services", ["template"], {:name=>"index_services_on_template", :using=>:btree})
   -> 0.0029s
-- create_table("snippets", {:force=>:cascade})
   -> 0.0043s
-- add_index("snippets", ["author_id"], {:name=>"index_snippets_on_author_id", :using=>:btree})
   -> 0.0028s
-- add_index("snippets", ["file_name"], {:name=>"index_snippets_on_file_name_trigram", :using=>:gin, :opclasses=>{"file_name"=>"gin_trgm_ops"}})
   -> 0.0018s
-- add_index("snippets", ["project_id"], {:name=>"index_snippets_on_project_id", :using=>:btree})
   -> 0.0023s
-- add_index("snippets", ["title"], {:name=>"index_snippets_on_title_trigram", :using=>:gin, :opclasses=>{"title"=>"gin_trgm_ops"}})
   -> 0.0019s
-- add_index("snippets", ["updated_at"], {:name=>"index_snippets_on_updated_at", :using=>:btree})
   -> 0.0027s
-- add_index("snippets", ["visibility_level"], {:name=>"index_snippets_on_visibility_level", :using=>:btree})
   -> 0.0028s
-- create_table("spam_logs", {:force=>:cascade})
   -> 0.0046s
-- create_table("subscriptions", {:force=>:cascade})
   -> 0.0038s
-- add_index("subscriptions", ["subscribable_id", "subscribable_type", "user_id", "project_id"], {:name=>"index_subscriptions_on_subscribable_and_user_id_and_project_id", :unique=>true, :using=>:btree})
   -> 0.0025s
-- create_table("system_note_metadata", {:force=>:cascade})
   -> 0.0039s
-- add_index("system_note_metadata", ["note_id"], {:name=>"index_system_note_metadata_on_note_id", :unique=>true, :using=>:btree})
   -> 0.0024s
-- create_table("taggings", {:force=>:cascade})
   -> 0.0041s
-- add_index("taggings", ["tag_id", "taggable_id", "taggable_type", "context", "tagger_id", "tagger_type"], {:name=>"taggings_idx", :unique=>true, :using=>:btree})
   -> 0.0028s
-- add_index("taggings", ["tag_id"], {:name=>"index_taggings_on_tag_id", :using=>:btree})
   -> 0.0027s
-- add_index("taggings", ["taggable_id", "taggable_type", "context"], {:name=>"index_taggings_on_taggable_id_and_taggable_type_and_context", :using=>:btree})
   -> 0.0025s
-- add_index("taggings", ["taggable_id", "taggable_type"], {:name=>"index_taggings_on_taggable_id_and_taggable_type", :using=>:btree})
   -> 0.0025s
-- create_table("tags", {:force=>:cascade})
   -> 0.0035s
-- add_index("tags", ["name"], {:name=>"index_tags_on_name", :unique=>true, :using=>:btree})
   -> 0.0023s
-- create_table("term_agreements", {:force=>:cascade})
   -> 0.0030s
-- add_index("term_agreements", ["term_id"], {:name=>"index_term_agreements_on_term_id", :using=>:btree})
   -> 0.0029s
-- add_index("term_agreements", ["user_id", "term_id"], {:name=>"term_agreements_unique_index", :unique=>true, :using=>:btree})
   -> 0.0026s
-- add_index("term_agreements", ["user_id"], {:name=>"index_term_agreements_on_user_id", :using=>:btree})
   -> 0.0025s
-- create_table("timelogs", {:force=>:cascade})
   -> 0.0028s
-- add_index("timelogs", ["issue_id"], {:name=>"index_timelogs_on_issue_id", :using=>:btree})
   -> 0.0024s
-- add_index("timelogs", ["merge_request_id"], {:name=>"index_timelogs_on_merge_request_id", :using=>:btree})
   -> 0.0023s
-- add_index("timelogs", ["user_id"], {:name=>"index_timelogs_on_user_id", :using=>:btree})
   -> 0.0022s
-- create_table("todos", {:force=>:cascade})
   -> 0.0039s
-- add_index("todos", ["author_id"], {:name=>"index_todos_on_author_id", :using=>:btree})
   -> 0.0029s
-- add_index("todos", ["commit_id"], {:name=>"index_todos_on_commit_id", :using=>:btree})
   -> 0.0025s
-- add_index("todos", ["note_id"], {:name=>"index_todos_on_note_id", :using=>:btree})
   -> 0.0023s
-- add_index("todos", ["project_id"], {:name=>"index_todos_on_project_id", :using=>:btree})
   -> 0.0025s
-- add_index("todos", ["target_type", "target_id"], {:name=>"index_todos_on_target_type_and_target_id", :using=>:btree})
   -> 0.0026s
-- add_index("todos", ["user_id", "id"], {:name=>"index_todos_on_user_id_and_id_done", :where=>"((state)::text = 'done'::text)", :using=>:btree})
   -> 0.0040s
-- add_index("todos", ["user_id", "id"], {:name=>"index_todos_on_user_id_and_id_pending", :where=>"((state)::text = 'pending'::text)", :using=>:btree})
   -> 0.0024s
-- add_index("todos", ["user_id"], {:name=>"index_todos_on_user_id", :using=>:btree})
   -> 0.0023s
-- create_table("trending_projects", {:force=>:cascade})
   -> 0.0024s
-- add_index("trending_projects", ["project_id"], {:name=>"index_trending_projects_on_project_id", :unique=>true, :using=>:btree})
   -> 0.0023s
-- create_table("u2f_registrations", {:force=>:cascade})
   -> 0.0038s
-- add_index("u2f_registrations", ["key_handle"], {:name=>"index_u2f_registrations_on_key_handle", :using=>:btree})
   -> 0.0029s
-- add_index("u2f_registrations", ["user_id"], {:name=>"index_u2f_registrations_on_user_id", :using=>:btree})
   -> 0.0028s
-- create_table("uploads", {:force=>:cascade})
   -> 0.0045s
-- add_index("uploads", ["checksum"], {:name=>"index_uploads_on_checksum", :using=>:btree})
   -> 0.0027s
-- add_index("uploads", ["model_id", "model_type"], {:name=>"index_uploads_on_model_id_and_model_type", :using=>:btree})
   -> 0.0026s
-- add_index("uploads", ["uploader", "path"], {:name=>"index_uploads_on_uploader_and_path", :using=>:btree})
   -> 0.0024s
-- create_table("user_agent_details", {:force=>:cascade})
   -> 0.0040s
-- add_index("user_agent_details", ["subject_id", "subject_type"], {:name=>"index_user_agent_details_on_subject_id_and_subject_type", :using=>:btree})
   -> 0.0027s
-- create_table("user_callouts", {:force=>:cascade})
   -> 0.0025s
-- add_index("user_callouts", ["user_id", "feature_name"], {:name=>"index_user_callouts_on_user_id_and_feature_name", :unique=>true, :using=>:btree})
   -> 0.0025s
-- add_index("user_callouts", ["user_id"], {:name=>"index_user_callouts_on_user_id", :using=>:btree})
   -> 0.0023s
-- create_table("user_custom_attributes", {:force=>:cascade})
   -> 0.0035s
-- add_index("user_custom_attributes", ["key", "value"], {:name=>"index_user_custom_attributes_on_key_and_value", :using=>:btree})
   -> 0.0025s
-- add_index("user_custom_attributes", ["user_id", "key"], {:name=>"index_user_custom_attributes_on_user_id_and_key", :unique=>true, :using=>:btree})
   -> 0.0026s
-- create_table("user_interacted_projects", {:id=>false, :force=>:cascade})
   -> 0.0013s
-- add_index("user_interacted_projects", ["project_id", "user_id"], {:name=>"index_user_interacted_projects_on_project_id_and_user_id", :unique=>true, :using=>:btree})
   -> 0.0026s
-- add_index("user_interacted_projects", ["user_id"], {:name=>"index_user_interacted_projects_on_user_id", :using=>:btree})
   -> 0.0028s
-- create_table("user_synced_attributes_metadata", {:force=>:cascade})
   -> 0.0046s
-- add_index("user_synced_attributes_metadata", ["user_id"], {:name=>"index_user_synced_attributes_metadata_on_user_id", :unique=>true, :using=>:btree})
   -> 0.0062s
-- create_table("users", {:force=>:cascade})
   -> 0.0122s
-- add_index("users", ["admin"], {:name=>"index_users_on_admin", :using=>:btree})
   -> 0.0028s
-- add_index("users", ["confirmation_token"], {:name=>"index_users_on_confirmation_token", :unique=>true, :using=>:btree})
   -> 0.0027s
-- add_index("users", ["created_at"], {:name=>"index_users_on_created_at", :using=>:btree})
   -> 0.0028s
-- add_index("users", ["email"], {:name=>"index_users_on_email", :unique=>true, :using=>:btree})
   -> 0.0027s
-- add_index("users", ["email"], {:name=>"index_users_on_email_trigram", :using=>:gin, :opclasses=>{"email"=>"gin_trgm_ops"}})
   -> 0.0019s
-- add_index("users", ["ghost"], {:name=>"index_users_on_ghost", :using=>:btree})
   -> 0.0023s
-- add_index("users", ["incoming_email_token"], {:name=>"index_users_on_incoming_email_token", :using=>:btree})
   -> 0.0024s
-- add_index("users", ["name"], {:name=>"index_users_on_name", :using=>:btree})
   -> 0.0022s
-- add_index("users", ["name"], {:name=>"index_users_on_name_trigram", :using=>:gin, :opclasses=>{"name"=>"gin_trgm_ops"}})
   -> 0.0016s
-- add_index("users", ["reset_password_token"], {:name=>"index_users_on_reset_password_token", :unique=>true, :using=>:btree})
   -> 0.0020s
-- add_index("users", ["rss_token"], {:name=>"index_users_on_rss_token", :using=>:btree})
   -> 0.0020s
-- add_index("users", ["state"], {:name=>"index_users_on_state", :using=>:btree})
   -> 0.0020s
-- add_index("users", ["username"], {:name=>"index_users_on_username", :using=>:btree})
   -> 0.0023s
-- add_index("users", ["username"], {:name=>"index_users_on_username_trigram", :using=>:gin, :opclasses=>{"username"=>"gin_trgm_ops"}})
   -> 0.0021s
-- create_table("users_star_projects", {:force=>:cascade})
   -> 0.0027s
-- add_index("users_star_projects", ["project_id"], {:name=>"index_users_star_projects_on_project_id", :using=>:btree})
   -> 0.0025s
-- add_index("users_star_projects", ["user_id", "project_id"], {:name=>"index_users_star_projects_on_user_id_and_project_id", :unique=>true, :using=>:btree})
   -> 0.0028s
-- create_table("web_hook_logs", {:force=>:cascade})
   -> 0.0038s
-- add_index("web_hook_logs", ["web_hook_id"], {:name=>"index_web_hook_logs_on_web_hook_id", :using=>:btree})
   -> 0.0024s
-- create_table("web_hooks", {:force=>:cascade})
   -> 0.0076s
-- add_index("web_hooks", ["project_id"], {:name=>"index_web_hooks_on_project_id", :using=>:btree})
   -> 0.0031s
-- add_index("web_hooks", ["type"], {:name=>"index_web_hooks_on_type", :using=>:btree})
   -> 0.0030s
-- add_foreign_key("badges", "namespaces", {:column=>"group_id", :on_delete=>:cascade})
   -> 0.0029s
-- add_foreign_key("badges", "projects", {:on_delete=>:cascade})
   -> 0.0020s
-- add_foreign_key("boards", "namespaces", {:column=>"group_id", :on_delete=>:cascade})
   -> 0.0014s
-- add_foreign_key("boards", "projects", {:name=>"fk_f15266b5f9", :on_delete=>:cascade})
   -> 0.0012s
-- add_foreign_key("chat_teams", "namespaces", {:on_delete=>:cascade})
   -> 0.0012s
-- add_foreign_key("ci_build_trace_chunks", "ci_builds", {:column=>"build_id", :on_delete=>:cascade})
   -> 0.0017s
-- add_foreign_key("ci_build_trace_section_names", "projects", {:on_delete=>:cascade})
   -> 0.0014s
-- add_foreign_key("ci_build_trace_sections", "ci_build_trace_section_names", {:column=>"section_name_id", :name=>"fk_264e112c66", :on_delete=>:cascade})
   -> 0.0011s
-- add_foreign_key("ci_build_trace_sections", "ci_builds", {:column=>"build_id", :name=>"fk_4ebe41f502", :on_delete=>:cascade})
   -> 0.0011s
-- add_foreign_key("ci_build_trace_sections", "projects", {:on_delete=>:cascade})
   -> 0.0011s
-- add_foreign_key("ci_builds", "ci_pipelines", {:column=>"auto_canceled_by_id", :name=>"fk_a2141b1522", :on_delete=>:nullify})
   -> 0.0016s
-- add_foreign_key("ci_builds", "ci_pipelines", {:column=>"commit_id", :name=>"fk_d3130c9a7f", :on_delete=>:cascade})
   -> 0.0014s
-- add_foreign_key("ci_builds", "ci_stages", {:column=>"stage_id", :name=>"fk_3a9eaa254d", :on_delete=>:cascade})
   -> 0.0014s
-- add_foreign_key("ci_builds", "projects", {:name=>"fk_befce0568a", :on_delete=>:cascade})
   -> 0.0017s
-- add_foreign_key("ci_builds_metadata", "ci_builds", {:column=>"build_id", :on_delete=>:cascade})
   -> 0.0014s
-- add_foreign_key("ci_builds_metadata", "projects", {:on_delete=>:cascade})
   -> 0.0013s
-- add_foreign_key("ci_group_variables", "namespaces", {:column=>"group_id", :name=>"fk_33ae4d58d8", :on_delete=>:cascade})
   -> 0.0013s
-- add_foreign_key("ci_job_artifacts", "ci_builds", {:column=>"job_id", :on_delete=>:cascade})
   -> 0.0014s
-- add_foreign_key("ci_job_artifacts", "projects", {:on_delete=>:cascade})
   -> 0.0015s
-- add_foreign_key("ci_pipeline_schedule_variables", "ci_pipeline_schedules", {:column=>"pipeline_schedule_id", :name=>"fk_41c35fda51", :on_delete=>:cascade})
   -> 0.0013s
-- add_foreign_key("ci_pipeline_schedules", "projects", {:name=>"fk_8ead60fcc4", :on_delete=>:cascade})
   -> 0.0013s
-- add_foreign_key("ci_pipeline_schedules", "users", {:column=>"owner_id", :name=>"fk_9ea99f58d2", :on_delete=>:nullify})
   -> 0.0018s
-- add_foreign_key("ci_pipeline_variables", "ci_pipelines", {:column=>"pipeline_id", :name=>"fk_f29c5f4380", :on_delete=>:cascade})
   -> 0.0013s
-- add_foreign_key("ci_pipelines", "ci_pipeline_schedules", {:column=>"pipeline_schedule_id", :name=>"fk_3d34ab2e06", :on_delete=>:nullify})
   -> 0.0026s
-- add_foreign_key("ci_pipelines", "ci_pipelines", {:column=>"auto_canceled_by_id", :name=>"fk_262d4c2d19", :on_delete=>:nullify})
   -> 0.0012s
-- add_foreign_key("ci_pipelines", "projects", {:name=>"fk_86635dbd80", :on_delete=>:cascade})
   -> 0.0013s
-- add_foreign_key("ci_runner_namespaces", "ci_runners", {:column=>"runner_id", :on_delete=>:cascade})
   -> 0.0013s
-- add_foreign_key("ci_runner_namespaces", "namespaces", {:on_delete=>:cascade})
   -> 0.0012s
-- add_foreign_key("ci_runner_projects", "projects", {:name=>"fk_4478a6f1e4", :on_delete=>:cascade})
   -> 0.0016s
-- add_foreign_key("ci_stages", "ci_pipelines", {:column=>"pipeline_id", :name=>"fk_fb57e6cc56", :on_delete=>:cascade})
   -> 0.0027s
-- add_foreign_key("ci_stages", "projects", {:name=>"fk_2360681d1d", :on_delete=>:cascade})
   -> 0.0026s
-- add_foreign_key("ci_trigger_requests", "ci_triggers", {:column=>"trigger_id", :name=>"fk_b8ec8b7245", :on_delete=>:cascade})
   -> 0.0017s
-- add_foreign_key("ci_triggers", "projects", {:name=>"fk_e3e63f966e", :on_delete=>:cascade})
   -> 0.0016s
-- add_foreign_key("ci_triggers", "users", {:column=>"owner_id", :name=>"fk_e8e10d1964", :on_delete=>:cascade})
   -> 0.0015s
-- add_foreign_key("ci_variables", "projects", {:name=>"fk_ada5eb64b3", :on_delete=>:cascade})
   -> 0.0015s
-- add_foreign_key("cluster_platforms_kubernetes", "clusters", {:on_delete=>:cascade})
   -> 0.0019s
-- add_foreign_key("cluster_projects", "clusters", {:on_delete=>:cascade})
   -> 0.0017s
-- add_foreign_key("cluster_projects", "projects", {:on_delete=>:cascade})
   -> 0.0016s
-- add_foreign_key("cluster_providers_gcp", "clusters", {:on_delete=>:cascade})
   -> 0.0012s
-- add_foreign_key("clusters", "users", {:on_delete=>:nullify})
   -> 0.0014s
-- add_foreign_key("clusters_applications_helm", "clusters", {:on_delete=>:cascade})
   -> 0.0012s
-- add_foreign_key("clusters_applications_ingress", "clusters", {:name=>"fk_753a7b41c1", :on_delete=>:cascade})
   -> 0.0013s
-- add_foreign_key("clusters_applications_prometheus", "clusters", {:name=>"fk_557e773639", :on_delete=>:cascade})
   -> 0.0012s
-- add_foreign_key("clusters_applications_runners", "ci_runners", {:column=>"runner_id", :name=>"fk_02de2ded36", :on_delete=>:nullify})
   -> 0.0014s
-- add_foreign_key("clusters_applications_runners", "clusters", {:on_delete=>:cascade})
   -> 0.0022s
-- add_foreign_key("container_repositories", "projects")
   -> 0.0015s
-- add_foreign_key("deploy_keys_projects", "projects", {:name=>"fk_58a901ca7e", :on_delete=>:cascade})
   -> 0.0014s
-- add_foreign_key("deployments", "projects", {:name=>"fk_b9a3851b82", :on_delete=>:cascade})
   -> 0.0014s
-- add_foreign_key("environments", "projects", {:name=>"fk_d1c8c1da6a", :on_delete=>:cascade})
   -> 0.0014s
-- add_foreign_key("events", "projects", {:on_delete=>:cascade})
   -> 0.0015s
-- add_foreign_key("events", "users", {:column=>"author_id", :name=>"fk_edfd187b6f", :on_delete=>:cascade})
   -> 0.0014s
-- add_foreign_key("fork_network_members", "fork_networks", {:on_delete=>:cascade})
   -> 0.0013s
-- add_foreign_key("fork_network_members", "projects", {:column=>"forked_from_project_id", :name=>"fk_b01280dae4", :on_delete=>:nullify})
   -> 0.0012s
-- add_foreign_key("fork_network_members", "projects", {:on_delete=>:cascade})
   -> 0.0012s
-- add_foreign_key("fork_networks", "projects", {:column=>"root_project_id", :name=>"fk_e7b436b2b5", :on_delete=>:nullify})
   -> 0.0011s
-- add_foreign_key("forked_project_links", "projects", {:column=>"forked_to_project_id", :name=>"fk_434510edb0", :on_delete=>:cascade})
   -> 0.0013s
-- add_foreign_key("gcp_clusters", "projects", {:on_delete=>:cascade})
   -> 0.0016s
-- add_foreign_key("gcp_clusters", "services", {:on_delete=>:nullify})
   -> 0.0014s
-- add_foreign_key("gcp_clusters", "users", {:on_delete=>:nullify})
   -> 0.0014s
-- add_foreign_key("gpg_key_subkeys", "gpg_keys", {:on_delete=>:cascade})
   -> 0.0014s
-- add_foreign_key("gpg_keys", "users", {:on_delete=>:cascade})
   -> 0.0014s
-- add_foreign_key("gpg_signatures", "gpg_key_subkeys", {:on_delete=>:nullify})
   -> 0.0014s
-- add_foreign_key("gpg_signatures", "gpg_keys", {:on_delete=>:nullify})
   -> 0.0012s
-- add_foreign_key("gpg_signatures", "projects", {:on_delete=>:cascade})
   -> 0.0015s
-- add_foreign_key("group_custom_attributes", "namespaces", {:column=>"group_id", :on_delete=>:cascade})
   -> 0.0013s
-- add_foreign_key("internal_ids", "namespaces", {:name=>"fk_162941d509", :on_delete=>:cascade})
   -> 0.0015s
-- add_foreign_key("internal_ids", "projects", {:on_delete=>:cascade})
   -> 0.0014s
-- add_foreign_key("issue_assignees", "issues", {:name=>"fk_b7d881734a", :on_delete=>:cascade})
   -> 0.0017s
-- add_foreign_key("issue_assignees", "users", {:name=>"fk_5e0c8d9154", :on_delete=>:cascade})
   -> 0.0014s
-- add_foreign_key("issue_metrics", "issues", {:on_delete=>:cascade})
   -> 0.0013s
-- add_foreign_key("issues", "issues", {:column=>"moved_to_id", :name=>"fk_a194299be1", :on_delete=>:nullify})
   -> 0.0013s
-- add_foreign_key("issues", "milestones", {:name=>"fk_96b1dd429c", :on_delete=>:nullify})
   -> 0.0016s
-- add_foreign_key("issues", "projects", {:name=>"fk_899c8f3231", :on_delete=>:cascade})
   -> 0.0014s
-- add_foreign_key("issues", "users", {:column=>"author_id", :name=>"fk_05f1e72feb", :on_delete=>:nullify})
   -> 0.0016s
-- add_foreign_key("issues", "users", {:column=>"closed_by_id", :name=>"fk_c63cbf6c25", :on_delete=>:nullify})
   -> 0.0014s
-- add_foreign_key("issues", "users", {:column=>"updated_by_id", :name=>"fk_ffed080f01", :on_delete=>:nullify})
   -> 0.0014s
-- add_foreign_key("label_priorities", "labels", {:on_delete=>:cascade})
   -> 0.0015s
-- add_foreign_key("label_priorities", "projects", {:on_delete=>:cascade})
   -> 0.0014s
-- add_foreign_key("labels", "namespaces", {:column=>"group_id", :on_delete=>:cascade})
   -> 0.0018s
-- add_foreign_key("labels", "projects", {:name=>"fk_7de4989a69", :on_delete=>:cascade})
   -> 0.0025s
-- add_foreign_key("lfs_file_locks", "projects", {:on_delete=>:cascade})
   -> 0.0027s
-- add_foreign_key("lfs_file_locks", "users", {:on_delete=>:cascade})
   -> 0.0026s
-- add_foreign_key("lists", "boards", {:name=>"fk_0d3f677137", :on_delete=>:cascade})
   -> 0.0016s
-- add_foreign_key("lists", "labels", {:name=>"fk_7a5553d60f", :on_delete=>:cascade})
   -> 0.0013s
-- add_foreign_key("members", "users", {:name=>"fk_2e88fb7ce9", :on_delete=>:cascade})
   -> 0.0148s
-- add_foreign_key("merge_request_diff_commits", "merge_request_diffs", {:on_delete=>:cascade})
   -> 0.0025s
-- add_foreign_key("merge_request_diff_files", "merge_request_diffs", {:on_delete=>:cascade})
   -> 0.0018s
-- add_foreign_key("merge_request_diffs", "merge_requests", {:name=>"fk_8483f3258f", :on_delete=>:cascade})
   -> 0.0024s
-- add_foreign_key("merge_request_metrics", "ci_pipelines", {:column=>"pipeline_id", :on_delete=>:cascade})
   -> 0.0016s
-- add_foreign_key("merge_request_metrics", "merge_requests", {:on_delete=>:cascade})
   -> 0.0014s
-- add_foreign_key("merge_request_metrics", "users", {:column=>"latest_closed_by_id", :name=>"fk_ae440388cc", :on_delete=>:nullify})
   -> 0.0014s
-- add_foreign_key("merge_request_metrics", "users", {:column=>"merged_by_id", :name=>"fk_7f28d925f3", :on_delete=>:nullify})
   -> 0.0012s
-- add_foreign_key("merge_requests", "ci_pipelines", {:column=>"head_pipeline_id", :name=>"fk_fd82eae0b9", :on_delete=>:nullify})
   -> 0.0016s
-- add_foreign_key("merge_requests", "merge_request_diffs", {:column=>"latest_merge_request_diff_id", :name=>"fk_06067f5644", :on_delete=>:nullify})
   -> 0.0014s
-- add_foreign_key("merge_requests", "milestones", {:name=>"fk_6a5165a692", :on_delete=>:nullify})
   -> 0.0014s
-- add_foreign_key("merge_requests", "projects", {:column=>"source_project_id", :name=>"fk_3308fe130c", :on_delete=>:nullify})
   -> 0.0018s
-- add_foreign_key("merge_requests", "projects", {:column=>"target_project_id", :name=>"fk_a6963e8447", :on_delete=>:cascade})
   -> 0.0016s
-- add_foreign_key("merge_requests", "users", {:column=>"assignee_id", :name=>"fk_6149611a04", :on_delete=>:nullify})
   -> 0.0017s
-- add_foreign_key("merge_requests", "users", {:column=>"author_id", :name=>"fk_e719a85f8a", :on_delete=>:nullify})
   -> 0.0020s
-- add_foreign_key("merge_requests", "users", {:column=>"merge_user_id", :name=>"fk_ad525e1f87", :on_delete=>:nullify})
   -> 0.0020s
-- add_foreign_key("merge_requests", "users", {:column=>"updated_by_id", :name=>"fk_641731faff", :on_delete=>:nullify})
   -> 0.0017s
-- add_foreign_key("merge_requests_closing_issues", "issues", {:on_delete=>:cascade})
   -> 0.0020s
-- add_foreign_key("merge_requests_closing_issues", "merge_requests", {:on_delete=>:cascade})
   -> 0.0020s
-- add_foreign_key("milestones", "namespaces", {:column=>"group_id", :name=>"fk_95650a40d4", :on_delete=>:cascade})
   -> 0.0019s
-- add_foreign_key("milestones", "projects", {:name=>"fk_9bd0a0c791", :on_delete=>:cascade})
   -> 0.0114s
-- add_foreign_key("notes", "projects", {:name=>"fk_99e097b079", :on_delete=>:cascade})
   -> 0.0020s
-- add_foreign_key("oauth_openid_requests", "oauth_access_grants", {:column=>"access_grant_id", :name=>"fk_oauth_openid_requests_oauth_access_grants_access_grant_id"})
   -> 0.0013s
-- add_foreign_key("pages_domains", "projects", {:name=>"fk_ea2f6dfc6f", :on_delete=>:cascade})
   -> 0.0015s
-- add_foreign_key("personal_access_tokens", "users")
   -> 0.0018s
-- add_foreign_key("project_authorizations", "projects", {:on_delete=>:cascade})
   -> 0.0018s
-- add_foreign_key("project_authorizations", "users", {:on_delete=>:cascade})
   -> 0.0016s
-- add_foreign_key("project_auto_devops", "projects", {:on_delete=>:cascade})
   -> 0.0014s
-- add_foreign_key("project_ci_cd_settings", "projects", {:name=>"fk_24c15d2f2e", :on_delete=>:cascade})
   -> 0.0014s
-- add_foreign_key("project_custom_attributes", "projects", {:on_delete=>:cascade})
   -> 0.0015s
-- add_foreign_key("project_deploy_tokens", "deploy_tokens", {:on_delete=>:cascade})
   -> 0.0019s
-- add_foreign_key("project_deploy_tokens", "projects", {:on_delete=>:cascade})
   -> 0.0019s
-- add_foreign_key("project_features", "projects", {:name=>"fk_18513d9b92", :on_delete=>:cascade})
   -> 0.0015s
-- add_foreign_key("project_group_links", "projects", {:name=>"fk_daa8cee94c", :on_delete=>:cascade})
   -> 0.0015s
-- add_foreign_key("project_import_data", "projects", {:name=>"fk_ffb9ee3a10", :on_delete=>:cascade})
   -> 0.0013s
-- add_foreign_key("project_mirror_data", "projects", {:on_delete=>:cascade})
   -> 0.0014s
-- add_foreign_key("project_statistics", "projects", {:on_delete=>:cascade})
   -> 0.0013s
-- add_foreign_key("protected_branch_merge_access_levels", "protected_branches", {:name=>"fk_8a3072ccb3", :on_delete=>:cascade})
   -> 0.0013s
-- add_foreign_key("protected_branch_push_access_levels", "protected_branches", {:name=>"fk_9ffc86a3d9", :on_delete=>:cascade})
   -> 0.0012s
-- add_foreign_key("protected_branches", "projects", {:name=>"fk_7a9c6d93e7", :on_delete=>:cascade})
   -> 0.0015s
-- add_foreign_key("protected_tag_create_access_levels", "namespaces", {:column=>"group_id"})
   -> 0.0015s
-- add_foreign_key("protected_tag_create_access_levels", "protected_tags", {:name=>"fk_f7dfda8c51", :on_delete=>:cascade})
   -> 0.0014s
-- add_foreign_key("protected_tag_create_access_levels", "users")
   -> 0.0016s
-- add_foreign_key("protected_tags", "projects", {:name=>"fk_8e4af87648", :on_delete=>:cascade})
   -> 0.0013s
-- add_foreign_key("push_event_payloads", "events", {:name=>"fk_36c74129da", :on_delete=>:cascade})
   -> 0.0013s
-- add_foreign_key("releases", "projects", {:name=>"fk_47fe2a0596", :on_delete=>:cascade})
   -> 0.0015s
-- add_foreign_key("remote_mirrors", "projects", {:on_delete=>:cascade})
   -> 0.0015s
-- add_foreign_key("services", "projects", {:name=>"fk_71cce407f9", :on_delete=>:cascade})
   -> 0.0014s
-- add_foreign_key("snippets", "projects", {:name=>"fk_be41fd4bb7", :on_delete=>:cascade})
   -> 0.0016s
-- add_foreign_key("subscriptions", "projects", {:on_delete=>:cascade})
   -> 0.0014s
-- add_foreign_key("system_note_metadata", "notes", {:name=>"fk_d83a918cb1", :on_delete=>:cascade})
   -> 0.0014s
-- add_foreign_key("term_agreements", "application_setting_terms", {:column=>"term_id"})
   -> 0.0014s
-- add_foreign_key("term_agreements", "users", {:on_delete=>:cascade})
   -> 0.0015s
-- add_foreign_key("timelogs", "issues", {:name=>"fk_timelogs_issues_issue_id", :on_delete=>:cascade})
   -> 0.0015s
-- add_foreign_key("timelogs", "merge_requests", {:name=>"fk_timelogs_merge_requests_merge_request_id", :on_delete=>:cascade})
   -> 0.0016s
-- add_foreign_key("todos", "notes", {:name=>"fk_91d1f47b13", :on_delete=>:cascade})
   -> 0.0020s
-- add_foreign_key("todos", "projects", {:name=>"fk_45054f9c45", :on_delete=>:cascade})
   -> 0.0025s
-- add_foreign_key("todos", "users", {:column=>"author_id", :name=>"fk_ccf0373936", :on_delete=>:cascade})
   -> 0.0017s
-- add_foreign_key("todos", "users", {:name=>"fk_d94154aa95", :on_delete=>:cascade})
   -> 0.0016s
-- add_foreign_key("trending_projects", "projects", {:on_delete=>:cascade})
   -> 0.0017s
-- add_foreign_key("u2f_registrations", "users")
   -> 0.0016s
-- add_foreign_key("user_callouts", "users", {:on_delete=>:cascade})
   -> 0.0015s
-- add_foreign_key("user_custom_attributes", "users", {:on_delete=>:cascade})
   -> 0.0014s
-- add_foreign_key("user_interacted_projects", "projects", {:name=>"fk_722ceba4f7", :on_delete=>:cascade})
   -> 0.0013s
-- add_foreign_key("user_interacted_projects", "users", {:name=>"fk_0894651f08", :on_delete=>:cascade})
   -> 0.0012s
-- add_foreign_key("user_synced_attributes_metadata", "users", {:on_delete=>:cascade})
   -> 0.0013s
-- add_foreign_key("users", "application_setting_terms", {:column=>"accepted_term_id", :name=>"fk_789cd90b35", :on_delete=>:cascade})
   -> 0.0015s
-- add_foreign_key("users_star_projects", "projects", {:name=>"fk_22cd27ddfc", :on_delete=>:cascade})
   -> 0.0015s
-- add_foreign_key("web_hook_logs", "web_hooks", {:on_delete=>:cascade})
   -> 0.0013s
-- add_foreign_key("web_hooks", "projects", {:name=>"fk_0c8ca6d9d1", :on_delete=>:cascade})
   -> 0.0014s
-- initialize_schema_migrations_table()
   -> 0.0111s

== Seed from /opt/gitlab/embedded/service/gitlab-rails/db/fixtures/production/001_admin.rb
Administrator account created:

login:    root
password: Cyberark1


== Seed from /opt/gitlab/embedded/service/gitlab-rails/db/fixtures/production/010_settings.rb
